<?xml version="1.0" encoding="UTF-8"?>
<robot generator="Robot 4.0.3 (Python 3.8.8 on win32)" generated="20210615 18:57:21.337" rpa="false" schemaversion="2">
<suite id="s1" name="Exercicio Variaveis" source="C:\ProjectRobotFramework\prime_experts_jun2021\variables\exercicio_variaveis.robot">
<test id="s1-t1" name="Teste que imprime os dados da PESSOA">
<kw name="Imprimir no console os dados da PESSOA">
<kw name="Log To Console" library="BuiltIn">
<arg>${\n}</arg>
<doc>Logs the given message to the console.</doc>
<status status="PASS" starttime="20210615 18:57:21.364" endtime="20210615 18:57:21.364"/>
</kw>
<kw name="Log To Console" library="BuiltIn">
<arg>${PESSOA.nome}</arg>
<doc>Logs the given message to the console.</doc>
<status status="PASS" starttime="20210615 18:57:21.365" endtime="20210615 18:57:21.365"/>
</kw>
<kw name="Log To Console" library="BuiltIn">
<arg>${PESSOA.sobrenome}</arg>
<doc>Logs the given message to the console.</doc>
<status status="PASS" starttime="20210615 18:57:21.365" endtime="20210615 18:57:21.366"/>
</kw>
<kw name="Log To Console" library="BuiltIn">
<arg>${PESSOA.idade}</arg>
<doc>Logs the given message to the console.</doc>
<status status="PASS" starttime="20210615 18:57:21.366" endtime="20210615 18:57:21.367"/>
</kw>
<kw name="Log To Console" library="BuiltIn">
<arg>${PESSOA.sexo}</arg>
<doc>Logs the given message to the console.</doc>
<status status="PASS" starttime="20210615 18:57:21.368" endtime="20210615 18:57:21.368"/>
</kw>
<kw name="Log To Console" library="BuiltIn">
<arg>${PESSOA.Profissao}</arg>
<doc>Logs the given message to the console.</doc>
<status status="PASS" starttime="20210615 18:57:21.368" endtime="20210615 18:57:21.369"/>
</kw>
<kw name="Log To Console" library="BuiltIn">
<arg>${PESSOA.mae}</arg>
<doc>Logs the given message to the console.</doc>
<status status="PASS" starttime="20210615 18:57:21.369" endtime="20210615 18:57:21.370"/>
</kw>
<status status="PASS" starttime="20210615 18:57:21.363" endtime="20210615 18:57:21.370"/>
</kw>
<status status="PASS" starttime="20210615 18:57:21.363" endtime="20210615 18:57:21.371"/>
</test>
<doc>Exercicio variaveis</doc>
<status status="PASS" starttime="20210615 18:57:21.339" endtime="20210615 18:57:21.374"/>
</suite>
<statistics>
<total>
<stat pass="1" fail="0" skip="0">All Tests</stat>
</total>
<tag>
</tag>
<suite>
<stat pass="1" fail="0" skip="0" id="s1" name="Exercicio Variaveis">Exercicio Variaveis</stat>
</suite>
</statistics>
<errors>
</errors>
</robot>
