<?xml version="1.0" encoding="UTF-8"?>
<robot generator="Robot 4.0.3 (Python 3.8.8 on win32)" generated="20210615 19:14:30.219" rpa="false" schemaversion="2">
<suite id="s1" name="Argumentos Retornos" source="C:\ProjectRobotFramework\prime_experts_jun2021\argumentos_retornos">
<suite id="s1-s1" name="Argumentos Retornos" source="C:\ProjectRobotFramework\prime_experts_jun2021\argumentos_retornos\argumentos_retornos.robot">
<test id="s1-s1-t1" name="Teste de somar dois números">
<kw name="Somar dois números">
<var>${RESULTADO_SOMA}</var>
<arg>1</arg>
<arg>2</arg>
<kw name="Log To Console" library="BuiltIn">
<arg>${\n}Estou somando os números: ${NUM_A}+${NUM_B}</arg>
<doc>Logs the given message to the console.</doc>
<status status="PASS" starttime="20210615 19:14:30.244" endtime="20210615 19:14:30.245"/>
</kw>
<kw name="Evaluate" library="BuiltIn">
<var>${RESULTADO}</var>
<arg>${NUM_A}+${NUM_B}</arg>
<doc>Evaluates the given expression in Python and returns the result.</doc>
<msg timestamp="20210615 19:14:30.245" level="INFO">${RESULTADO} = 3</msg>
<status status="PASS" starttime="20210615 19:14:30.245" endtime="20210615 19:14:30.245"/>
</kw>
<kw name="Log To Console" library="BuiltIn">
<arg>O resultado é: ${RESULTADO}</arg>
<doc>Logs the given message to the console.</doc>
<status status="PASS" starttime="20210615 19:14:30.245" endtime="20210615 19:14:30.246"/>
</kw>
<msg timestamp="20210615 19:14:30.246" level="INFO">${RESULTADO_SOMA} = 3</msg>
<status status="PASS" starttime="20210615 19:14:30.244" endtime="20210615 19:14:30.246"/>
</kw>
<kw name="Log To Console" library="BuiltIn">
<arg>O Resultado da soma é: ${RESULTADO_SOMA}</arg>
<doc>Logs the given message to the console.</doc>
<status status="PASS" starttime="20210615 19:14:30.247" endtime="20210615 19:14:30.247"/>
</kw>
<kw name="Somar dois números">
<var>${RESULTADO_SOMA}</var>
<arg>3</arg>
<arg>4</arg>
<kw name="Log To Console" library="BuiltIn">
<arg>${\n}Estou somando os números: ${NUM_A}+${NUM_B}</arg>
<doc>Logs the given message to the console.</doc>
<status status="PASS" starttime="20210615 19:14:30.248" endtime="20210615 19:14:30.249"/>
</kw>
<kw name="Evaluate" library="BuiltIn">
<var>${RESULTADO}</var>
<arg>${NUM_A}+${NUM_B}</arg>
<doc>Evaluates the given expression in Python and returns the result.</doc>
<msg timestamp="20210615 19:14:30.249" level="INFO">${RESULTADO} = 7</msg>
<status status="PASS" starttime="20210615 19:14:30.249" endtime="20210615 19:14:30.249"/>
</kw>
<kw name="Log To Console" library="BuiltIn">
<arg>O resultado é: ${RESULTADO}</arg>
<doc>Logs the given message to the console.</doc>
<status status="PASS" starttime="20210615 19:14:30.249" endtime="20210615 19:14:30.251"/>
</kw>
<msg timestamp="20210615 19:14:30.251" level="INFO">${RESULTADO_SOMA} = 7</msg>
<status status="PASS" starttime="20210615 19:14:30.248" endtime="20210615 19:14:30.251"/>
</kw>
<kw name="Log To Console" library="BuiltIn">
<arg>O Resultado da soma é: ${RESULTADO_SOMA}</arg>
<doc>Logs the given message to the console.</doc>
<status status="PASS" starttime="20210615 19:14:30.252" endtime="20210615 19:14:30.253"/>
</kw>
<status status="PASS" starttime="20210615 19:14:30.243" endtime="20210615 19:14:30.253"/>
</test>
<doc>Testes para criar KWs que recebem argumentos e retornam um resultado</doc>
<status status="PASS" starttime="20210615 19:14:30.240" endtime="20210615 19:14:30.255"/>
</suite>
<status status="PASS" starttime="20210615 19:14:30.220" endtime="20210615 19:14:30.258"/>
</suite>
<statistics>
<total>
<stat pass="1" fail="0" skip="0">All Tests</stat>
</total>
<tag>
</tag>
<suite>
<stat pass="1" fail="0" skip="0" id="s1" name="Argumentos Retornos">Argumentos Retornos</stat>
<stat pass="1" fail="0" skip="0" id="s1-s1" name="Argumentos Retornos">Argumentos Retornos.Argumentos Retornos</stat>
</suite>
</statistics>
<errors>
</errors>
</robot>
